[36;1m2016-09-19T21:14:45.93-07:00 NewConfig [36m[0m Home: /Users/csharp/Dropbox/go/src/github.com/coccyx/gogen
[36;1m2016-09-19T21:14:45.93-07:00 parseFileConfig [36m[0m Config Path: /Users/csharp/Dropbox/go/src/github.com/coccyx/gogen/config/default/global.yml
[36;1m2016-09-19T21:14:45.93-07:00 parseFileConfig [36m[0m Config Path: /Users/csharp/Dropbox/go/src/github.com/coccyx/gogen/config/default/sample.yml
[36;1m2016-09-19T21:14:45.93-07:00 func1 [36m[0m Walking, at /Users/csharp/Dropbox/go/src/github.com/coccyx/gogen/config/default/tokens
[36;1m2016-09-19T21:14:45.931-07:00 func1 [36m[0m Walking, at /Users/csharp/Dropbox/go/src/github.com/coccyx/gogen/config/default/tokens/guid-template.yml
[36;1m2016-09-19T21:14:45.931-07:00 parseFileConfig [36m[0m Config Path: /Users/csharp/Dropbox/go/src/github.com/coccyx/gogen/config/default/tokens/guid-template.yml
[36;1m2016-09-19T21:14:45.931-07:00 func1 [36m[0m Walking, at /Users/csharp/Dropbox/go/src/github.com/coccyx/gogen/config/default/tokens/integerid-template.yml
[36;1m2016-09-19T21:14:45.931-07:00 parseFileConfig [36m[0m Config Path: /Users/csharp/Dropbox/go/src/github.com/coccyx/gogen/config/default/tokens/integerid-template.yml
[36;1m2016-09-19T21:14:45.931-07:00 func1 [36m[0m Walking, at /Users/csharp/Dropbox/go/src/github.com/coccyx/gogen/config/default/tokens/ts-ymdhmsms-regex.yml
[36;1m2016-09-19T21:14:45.931-07:00 parseFileConfig [36m[0m Config Path: /Users/csharp/Dropbox/go/src/github.com/coccyx/gogen/config/default/tokens/ts-ymdhmsms-regex.yml
[36;1m2016-09-19T21:14:45.931-07:00 func1 [36m[0m Walking, at /Users/csharp/Dropbox/go/src/github.com/coccyx/gogen/config/default/tokens/usernames-template.yml
[36;1m2016-09-19T21:14:45.931-07:00 parseFileConfig [36m[0m Config Path: /Users/csharp/Dropbox/go/src/github.com/coccyx/gogen/config/default/tokens/usernames-template.yml
[36;1m2016-09-19T21:14:45.932-07:00 func1 [36m[0m Walking, at /Users/csharp/Dropbox/go/src/github.com/coccyx/gogen/config/default/templates
[36;1m2016-09-19T21:14:45.932-07:00 func1 [36m[0m Walking, at /Users/csharp/Dropbox/go/src/github.com/coccyx/gogen/config/default/templates/json.yml
[36;1m2016-09-19T21:14:45.932-07:00 parseFileConfig [36m[0m Config Path: /Users/csharp/Dropbox/go/src/github.com/coccyx/gogen/config/default/templates/json.yml
[36;1m2016-09-19T21:14:45.932-07:00 func1 [36m[0m Walking, at /Users/csharp/Dropbox/go/src/github.com/coccyx/gogen/config/default/templates/raw.yml
[36;1m2016-09-19T21:14:45.932-07:00 parseFileConfig [36m[0m Config Path: /Users/csharp/Dropbox/go/src/github.com/coccyx/gogen/config/default/templates/raw.yml
[36;1m2016-09-19T21:14:45.932-07:00 func1 [36m[0m Walking, at /Users/csharp/Dropbox/go/src/github.com/coccyx/gogen/config/templates
[36;1m2016-09-19T21:14:45.932-07:00 func1 [36m[0m Walking, at /Users/csharp/Dropbox/go/src/github.com/coccyx/gogen/config/samples
[36;1m2016-09-19T21:14:45.933-07:00 func1 [36m[0m Walking, at /Users/csharp/Dropbox/go/src/github.com/coccyx/gogen/config/samples/markets.csv
[36;1m2016-09-19T21:14:45.933-07:00 func1 [36m[0m Walking, at /Users/csharp/Dropbox/go/src/github.com/coccyx/gogen/config/samples/markets.csv.bak
[36;1m2016-09-19T21:14:45.933-07:00 func1 [36m[0m Walking, at /Users/csharp/Dropbox/go/src/github.com/coccyx/gogen/config/samples/test1.yml
[36;1m2016-09-19T21:14:45.933-07:00 func1 [36m[0m Walking, at /Users/csharp/Dropbox/go/src/github.com/coccyx/gogen/config/samples/usernames.sample
[36;1m2016-09-19T21:14:45.933-07:00 func1 [36m[0m Walking, at /Users/csharp/Dropbox/go/src/github.com/coccyx/gogen/config/samples/usernames.sample.bak
[36;1m2016-09-19T21:14:45.933-07:00 func1 [36m[0m Walking, at /Users/csharp/Dropbox/go/src/github.com/coccyx/gogen/config/samples
[36;1m2016-09-19T21:14:45.933-07:00 func1 [36m[0m Walking, at /Users/csharp/Dropbox/go/src/github.com/coccyx/gogen/config/samples/markets.csv
[36;1m2016-09-19T21:14:45.933-07:00 func1 [36m[0m Walking, at /Users/csharp/Dropbox/go/src/github.com/coccyx/gogen/config/samples/markets.csv.bak
[36;1m2016-09-19T21:14:45.933-07:00 func1 [36m[0m Walking, at /Users/csharp/Dropbox/go/src/github.com/coccyx/gogen/config/samples/test1.yml
[36;1m2016-09-19T21:14:45.933-07:00 func1 [36m[0m Walking, at /Users/csharp/Dropbox/go/src/github.com/coccyx/gogen/config/samples/usernames.sample
[36;1m2016-09-19T21:14:45.933-07:00 func1 [36m[0m Walking, at /Users/csharp/Dropbox/go/src/github.com/coccyx/gogen/config/samples/usernames.sample.bak
[36;1m2016-09-19T21:14:45.933-07:00 func1 [36m[0m Walking, at /Users/csharp/Dropbox/go/src/github.com/coccyx/gogen/config/samples
[36;1m2016-09-19T21:14:45.933-07:00 func1 [36m[0m Walking, at /Users/csharp/Dropbox/go/src/github.com/coccyx/gogen/config/samples/markets.csv
[36;1m2016-09-19T21:14:45.933-07:00 func1 [36m[0m Walking, at /Users/csharp/Dropbox/go/src/github.com/coccyx/gogen/config/samples/markets.csv.bak
[36;1m2016-09-19T21:14:45.933-07:00 func1 [36m[0m Walking, at /Users/csharp/Dropbox/go/src/github.com/coccyx/gogen/config/samples/test1.yml
[36;1m2016-09-19T21:14:45.933-07:00 parseFileConfig [36m[0m Config Path: /Users/csharp/Dropbox/go/src/github.com/coccyx/gogen/config/samples/test1.yml
[36;1m2016-09-19T21:14:45.934-07:00 func1 [36m[0m Walking, at /Users/csharp/Dropbox/go/src/github.com/coccyx/gogen/config/samples/usernames.sample
[36;1m2016-09-19T21:14:45.934-07:00 func1 [36m[0m Walking, at /Users/csharp/Dropbox/go/src/github.com/coccyx/gogen/config/samples/usernames.sample.bak
[36;1m2016-09-19T21:14:45.934-07:00 resolve [36m[0m Resolving sample 'markets.csv' to token 'markets.csv'
[36;1m2016-09-19T21:14:45.934-07:00 resolve [36m[0m Resolving sample 'markets.csv' to token 'markets.csv'
[36;1m2016-09-19T21:14:45.934-07:00 resolve [36m[0m Resolving sample 'markets.csv' to token 'markets.csv'
[36;1m2016-09-19T21:14:45.934-07:00 main [36m[0m Global: config.Global{Debug:false, Verbose:false, UseOutputQueue:true, GeneratorWorkers:1, OutputWorkers:1}
[36;1m2016-09-19T21:14:45.934-07:00 main [36m[0m Default Tokens: []*config.Token{(*config.Token)(0xc4200aa460), (*config.Token)(0xc4200aa540), (*config.Token)(0xc4200aa620), (*config.Token)(0xc4200aa700)}
[36;1m2016-09-19T21:14:45.934-07:00 main [36m[0m Default Sample: config.Sample{Name:"", Disabled:false, Generator:"sample", Outputter:"stdout", OutputTemplate:"raw", Rater:"config", Interval:60, Delay:0, Count:0, Earliest:"now", Latest:"now", Begin:"", End:"", RandomizeCount:0.2, RandomizeEvents:true, Tokens:[]config.Token(nil), Lines:[]map[string]string(nil), Field:"_raw", Log:(*logging.Logger)(nil), Gen:config.Generator(nil), Out:config.Outputter(nil), EarliestParsed:0, LatestParsed:0, BeginParsed:time.Time{sec:0, nsec:0, loc:(*time.Location)(nil)}, EndParsed:time.Time{sec:0, nsec:0, loc:(*time.Location)(nil)}, Current:time.Time{sec:0, nsec:0, loc:(*time.Location)(nil)}, Realtime:false}
[36;1m2016-09-19T21:14:45.934-07:00 main [36m[0m Samples: []*config.Sample{(*config.Sample)(0xc4200ead80), (*config.Sample)(0xc4200eaf00), (*config.Sample)(0xc4200eb200)}
[36;1m2016-09-19T21:14:45.935-07:00 main [36m[0m JSON Config: {
  "global": {
    "debug": false,
    "verbose": false,
    "useOutputQueue": true,
    "generatorWorkers": 1,
    "outputWorkers": 1
  },
  "samples": [
    {
      "name": "usernames.sample",
      "disabled": true,
      "generator": "",
      "outputter": "",
      "outputTemplate": "",
      "rater": "",
      "interval": 0,
      "delay": 0,
      "count": 0,
      "earliest": "",
      "latest": "",
      "begin": "",
      "end": "",
      "randomizeCount": 0,
      "randomizeEvents": false,
      "tokens": null,
      "lines": [
        {
          "_raw": "birodivulga162"
        },
        {
          "_raw": "nildajcbonanno"
        },
        {
          "_raw": "ivettaadelima"
        },
        {
          "_raw": "pckomono"
        },
        {
          "_raw": "Looreeto"
        },
        {
          "_raw": "JooPedro1591"
        },
        {
          "_raw": "claaarecurlingg"
        },
        {
          "_raw": "acciokcavote"
        },
        {
          "_raw": "JungD"
        },
        {
          "_raw": "InaraAllves"
        },
        {
          "_raw": "Haroldmcaol"
        },
        {
          "_raw": "xNessaa"
        },
        {
          "_raw": "stylesdofunk"
        },
        {
          "_raw": "meltemmeltemm"
        },
        {
          "_raw": "emapujig"
        },
        {
          "_raw": "cellphones4deal"
        },
        {
          "_raw": "amisisuvi"
        },
        {
          "_raw": "MegSeecharran95"
        },
        {
          "_raw": "MargueritaYociu"
        },
        {
          "_raw": "MarcioBFasano"
        }
      ],
      "field": ""
    },
    {
      "name": "markets.csv",
      "disabled": true,
      "generator": "",
      "outputter": "",
      "outputTemplate": "",
      "rater": "",
      "interval": 0,
      "delay": 0,
      "count": 0,
      "earliest": "",
      "latest": "",
      "begin": "",
      "end": "",
      "randomizeCount": 0,
      "randomizeEvents": false,
      "tokens": null,
      "lines": [
        {
          "city": "SPRINGFIELD",
          "county": "HAMPDEN",
          "lat": "42.106",
          "long": "-72.5977",
          "state": "MA",
          "zip": "1101"
        },
        {
          "city": "SPRINGFIELD",
          "county": "HAMPDEN",
          "lat": "42.106",
          "long": "-72.5977",
          "state": "MA",
          "zip": "1102"
        },
        {
          "city": "SPRINGFIELD",
          "county": "HAMPDEN",
          "lat": "42.1029",
          "long": "-72.588735",
          "state": "MA",
          "zip": "1103"
        },
        {
          "city": "SPRINGFIELD",
          "county": "HAMPDEN",
          "lat": "42.128848",
          "long": "-72.577769",
          "state": "MA",
          "zip": "1104"
        },
        {
          "city": "SPRINGFIELD",
          "county": "HAMPDEN",
          "lat": "42.099931",
          "long": "-72.578312",
          "state": "MA",
          "zip": "1105"
        },
        {
          "city": "SPRINGFIELD",
          "county": "HAMPDEN",
          "lat": "42.117907",
          "long": "-72.606544",
          "state": "MA",
          "zip": "1107"
        },
        {
          "city": "SPRINGFIELD",
          "county": "HAMPDEN",
          "lat": "42.085314",
          "long": "-72.558432",
          "state": "MA",
          "zip": "1108"
        },
        {
          "city": "SPRINGFIELD",
          "county": "HAMPDEN",
          "lat": "42.114455",
          "long": "-72.554349",
          "state": "MA",
          "zip": "1109"
        },
        {
          "city": "SPRINGFIELD",
          "county": "HAMPDEN",
          "lat": "42.106",
          "long": "-72.5977",
          "state": "MA",
          "zip": "1111"
        },
        {
          "city": "SPRINGFIELD",
          "county": "HAMPDEN",
          "lat": "42.106",
          "long": "-72.5977",
          "state": "MA",
          "zip": "1115"
        },
        {
          "city": "SPRINGFIELD",
          "county": "HAMPDEN",
          "lat": "42.092937",
          "long": "-72.527445",
          "state": "MA",
          "zip": "1118"
        },
        {
          "city": "SPRINGFIELD",
          "county": "HAMPDEN",
          "lat": "42.12473",
          "long": "-72.51211",
          "state": "MA",
          "zip": "1119"
        },
        {
          "city": "SPRINGFIELD",
          "county": "HAMPDEN",
          "lat": "42.094397",
          "long": "-72.488903",
          "state": "MA",
          "zip": "1128"
        },
        {
          "city": "SPRINGFIELD",
          "county": "HAMPDEN",
          "lat": "42.122263",
          "long": "-72.487622",
          "state": "MA",
          "zip": "1129"
        },
        {
          "city": "SPRINGFIELD",
          "county": "HAMPDEN",
          "lat": "42.106",
          "long": "-72.5977",
          "state": "MA",
          "zip": "1133"
        },
        {
          "city": "SPRINGFIELD",
          "county": "HAMPDEN",
          "lat": "42.106",
          "long": "-72.5977",
          "state": "MA",
          "zip": "1138"
        },
        {
          "city": "SPRINGFIELD",
          "county": "HAMPDEN",
          "lat": "42.106",
          "long": "-72.5977",
          "state": "MA",
          "zip": "1139"
        },
        {
          "city": "SPRINGFIELD",
          "county": "HAMPDEN",
          "lat": "42.106",
          "long": "-72.5977",
          "state": "MA",
          "zip": "1144"
        },
        {
          "city": "SPRINGFIELD",
          "county": "HAMPDEN",
          "lat": "42.153225",
          "long": "-72.505048",
          "state": "MA",
          "zip": "1151"
        }
      ],
      "field": ""
    },
    {
      "name": "test1",
      "disabled": false,
      "generator": "sample",
      "outputter": "stdout",
      "outputTemplate": "raw",
      "rater": "config",
      "interval": 1,
      "delay": 0,
      "count": 5,
      "earliest": "-3s",
      "latest": "now",
      "begin": "",
      "end": "",
      "randomizeCount": 0.2,
      "randomizeEvents": true,
      "tokens": [
        {
          "name": "ts-ymdhmsms-regex",
          "format": "regex",
          "token": "",
          "type": "timestamp",
          "replacement": "%Y-%m-%d %H:%M:%S,%3n",
          "sample": "",
          "field": "_raw",
          "precision": 0,
          "lower": 0,
          "upper": 0,
          "percChoice": null,
          "fieldChoice": null,
          "choice": null
        },
        {
          "name": "transtype",
          "format": "",
          "token": "transType=(\\w+)",
          "type": "percChoice",
          "replacement": "",
          "sample": "",
          "field": "_raw",
          "precision": 0,
          "lower": 0,
          "upper": 0,
          "percChoice": [
            {
              "New": "0.333"
            },
            {
              "Change": "0.5"
            },
            {
              "Delete": "0.1666"
            }
          ],
          "fieldChoice": null,
          "choice": null
        },
        {
          "name": "integerid-template",
          "format": "template",
          "token": "integerid",
          "type": "integerid",
          "replacement": "100000",
          "sample": "",
          "field": "_raw",
          "precision": 0,
          "lower": 0,
          "upper": 0,
          "percChoice": null,
          "fieldChoice": null,
          "choice": null
        },
        {
          "name": "guid-template",
          "format": "template",
          "token": "guid",
          "type": "random",
          "replacement": "guid",
          "sample": "",
          "field": "_raw",
          "precision": 0,
          "lower": 0,
          "upper": 0,
          "percChoice": null,
          "fieldChoice": null,
          "choice": null
        },
        {
          "name": "usernames-template",
          "format": "template",
          "token": "username",
          "type": "choice",
          "replacement": "",
          "sample": "usernames",
          "field": "_raw",
          "precision": 0,
          "lower": 0,
          "upper": 0,
          "percChoice": null,
          "fieldChoice": null,
          "choice": null
        },
        {
          "name": "markets-city",
          "format": "template",
          "token": "city",
          "type": "fieldChoice",
          "replacement": "",
          "sample": "markets.csv",
          "field": "city",
          "precision": 0,
          "lower": 0,
          "upper": 0,
          "percChoice": [
            {
              "city": "SPRINGFIELD",
              "county": "HAMPDEN",
              "lat": "42.106",
              "long": "-72.5977",
              "state": "MA",
              "zip": "1101"
            },
            {
              "city": "SPRINGFIELD",
              "county": "HAMPDEN",
              "lat": "42.106",
              "long": "-72.5977",
              "state": "MA",
              "zip": "1102"
            },
            {
              "city": "SPRINGFIELD",
              "county": "HAMPDEN",
              "lat": "42.1029",
              "long": "-72.588735",
              "state": "MA",
              "zip": "1103"
            },
            {
              "city": "SPRINGFIELD",
              "county": "HAMPDEN",
              "lat": "42.128848",
              "long": "-72.577769",
              "state": "MA",
              "zip": "1104"
            },
            {
              "city": "SPRINGFIELD",
              "county": "HAMPDEN",
              "lat": "42.099931",
              "long": "-72.578312",
              "state": "MA",
              "zip": "1105"
            },
            {
              "city": "SPRINGFIELD",
              "county": "HAMPDEN",
              "lat": "42.117907",
              "long": "-72.606544",
              "state": "MA",
              "zip": "1107"
            },
            {
              "city": "SPRINGFIELD",
              "county": "HAMPDEN",
              "lat": "42.085314",
              "long": "-72.558432",
              "state": "MA",
              "zip": "1108"
            },
            {
              "city": "SPRINGFIELD",
              "county": "HAMPDEN",
              "lat": "42.114455",
              "long": "-72.554349",
              "state": "MA",
              "zip": "1109"
            },
            {
              "city": "SPRINGFIELD",
              "county": "HAMPDEN",
              "lat": "42.106",
              "long": "-72.5977",
              "state": "MA",
              "zip": "1111"
            },
            {
              "city": "SPRINGFIELD",
              "county": "HAMPDEN",
              "lat": "42.106",
              "long": "-72.5977",
              "state": "MA",
              "zip": "1115"
            },
            {
              "city": "SPRINGFIELD",
              "county": "HAMPDEN",
              "lat": "42.092937",
              "long": "-72.527445",
              "state": "MA",
              "zip": "1118"
            },
            {
              "city": "SPRINGFIELD",
              "county": "HAMPDEN",
              "lat": "42.12473",
              "long": "-72.51211",
              "state": "MA",
              "zip": "1119"
            },
            {
              "city": "SPRINGFIELD",
              "county": "HAMPDEN",
              "lat": "42.094397",
              "long": "-72.488903",
              "state": "MA",
              "zip": "1128"
            },
            {
              "city": "SPRINGFIELD",
              "county": "HAMPDEN",
              "lat": "42.122263",
              "long": "-72.487622",
              "state": "MA",
              "zip": "1129"
            },
            {
              "city": "SPRINGFIELD",
              "county": "HAMPDEN",
              "lat": "42.106",
              "long": "-72.5977",
              "state": "MA",
              "zip": "1133"
            },
            {
              "city": "SPRINGFIELD",
              "county": "HAMPDEN",
              "lat": "42.106",
              "long": "-72.5977",
              "state": "MA",
              "zip": "1138"
            },
            {
              "city": "SPRINGFIELD",
              "county": "HAMPDEN",
              "lat": "42.106",
              "long": "-72.5977",
              "state": "MA",
              "zip": "1139"
            },
            {
              "city": "SPRINGFIELD",
              "county": "HAMPDEN",
              "lat": "42.106",
              "long": "-72.5977",
              "state": "MA",
              "zip": "1144"
            },
            {
              "city": "SPRINGFIELD",
              "county": "HAMPDEN",
              "lat": "42.153225",
              "long": "-72.505048",
              "state": "MA",
              "zip": "1151"
            }
          ],
          "fieldChoice": [
            {
              "city": "SPRINGFIELD",
              "county": "HAMPDEN",
              "lat": "42.106",
              "long": "-72.5977",
              "state": "MA",
              "zip": "1101"
            },
            {
              "city": "SPRINGFIELD",
              "county": "HAMPDEN",
              "lat": "42.106",
              "long": "-72.5977",
              "state": "MA",
              "zip": "1102"
            },
            {
              "city": "SPRINGFIELD",
              "county": "HAMPDEN",
              "lat": "42.1029",
              "long": "-72.588735",
              "state": "MA",
              "zip": "1103"
            },
            {
              "city": "SPRINGFIELD",
              "county": "HAMPDEN",
              "lat": "42.128848",
              "long": "-72.577769",
              "state": "MA",
              "zip": "1104"
            },
            {
              "city": "SPRINGFIELD",
              "county": "HAMPDEN",
              "lat": "42.099931",
              "long": "-72.578312",
              "state": "MA",
              "zip": "1105"
            },
            {
              "city": "SPRINGFIELD",
              "county": "HAMPDEN",
              "lat": "42.117907",
              "long": "-72.606544",
              "state": "MA",
              "zip": "1107"
            },
            {
              "city": "SPRINGFIELD",
              "county": "HAMPDEN",
              "lat": "42.085314",
              "long": "-72.558432",
              "state": "MA",
              "zip": "1108"
            },
            {
              "city": "SPRINGFIELD",
              "county": "HAMPDEN",
              "lat": "42.114455",
              "long": "-72.554349",
              "state": "MA",
              "zip": "1109"
            },
            {
              "city": "SPRINGFIELD",
              "county": "HAMPDEN",
              "lat": "42.106",
              "long": "-72.5977",
              "state": "MA",
              "zip": "1111"
            },
            {
              "city": "SPRINGFIELD",
              "county": "HAMPDEN",
              "lat": "42.106",
              "long": "-72.5977",
              "state": "MA",
              "zip": "1115"
            },
            {
              "city": "SPRINGFIELD",
              "county": "HAMPDEN",
              "lat": "42.092937",
              "long": "-72.527445",
              "state": "MA",
              "zip": "1118"
            },
            {
              "city": "SPRINGFIELD",
              "county": "HAMPDEN",
              "lat": "42.12473",
              "long": "-72.51211",
              "state": "MA",
              "zip": "1119"
            },
            {
              "city": "SPRINGFIELD",
              "county": "HAMPDEN",
              "lat": "42.094397",
              "long": "-72.488903",
              "state": "MA",
              "zip": "1128"
            },
            {
              "city": "SPRINGFIELD",
              "county": "HAMPDEN",
              "lat": "42.122263",
              "long": "-72.487622",
              "state": "MA",
              "zip": "1129"
            },
            {
              "city": "SPRINGFIELD",
              "county": "HAMPDEN",
              "lat": "42.106",
              "long": "-72.5977",
              "state": "MA",
              "zip": "1133"
            },
            {
              "city": "SPRINGFIELD",
              "county": "HAMPDEN",
              "lat": "42.106",
              "long": "-72.5977",
              "state": "MA",
              "zip": "1138"
            },
            {
              "city": "SPRINGFIELD",
              "county": "HAMPDEN",
              "lat": "42.106",
              "long": "-72.5977",
              "state": "MA",
              "zip": "1139"
            },
            {
              "city": "SPRINGFIELD",
              "county": "HAMPDEN",
              "lat": "42.106",
              "long": "-72.5977",
              "state": "MA",
              "zip": "1144"
            },
            {
              "city": "SPRINGFIELD",
              "county": "HAMPDEN",
              "lat": "42.153225",
              "long": "-72.505048",
              "state": "MA",
              "zip": "1151"
            }
          ],
          "choice": []
        },
        {
          "name": "markets-state",
          "format": "template",
          "token": "city",
          "type": "fieldChoice",
          "replacement": "",
          "sample": "markets.csv",
          "field": "state",
          "precision": 0,
          "lower": 0,
          "upper": 0,
          "percChoice": [
            {
              "city": "SPRINGFIELD",
              "county": "HAMPDEN",
              "lat": "42.106",
              "long": "-72.5977",
              "state": "MA",
              "zip": "1101"
            },
            {
              "city": "SPRINGFIELD",
              "county": "HAMPDEN",
              "lat": "42.106",
              "long": "-72.5977",
              "state": "MA",
              "zip": "1102"
            },
            {
              "city": "SPRINGFIELD",
              "county": "HAMPDEN",
              "lat": "42.1029",
              "long": "-72.588735",
              "state": "MA",
              "zip": "1103"
            },
            {
              "city": "SPRINGFIELD",
              "county": "HAMPDEN",
              "lat": "42.128848",
              "long": "-72.577769",
              "state": "MA",
              "zip": "1104"
            },
            {
              "city": "SPRINGFIELD",
              "county": "HAMPDEN",
              "lat": "42.099931",
              "long": "-72.578312",
              "state": "MA",
              "zip": "1105"
            },
            {
              "city": "SPRINGFIELD",
              "county": "HAMPDEN",
              "lat": "42.117907",
              "long": "-72.606544",
              "state": "MA",
              "zip": "1107"
            },
            {
              "city": "SPRINGFIELD",
              "county": "HAMPDEN",
              "lat": "42.085314",
              "long": "-72.558432",
              "state": "MA",
              "zip": "1108"
            },
            {
              "city": "SPRINGFIELD",
              "county": "HAMPDEN",
              "lat": "42.114455",
              "long": "-72.554349",
              "state": "MA",
              "zip": "1109"
            },
            {
              "city": "SPRINGFIELD",
              "county": "HAMPDEN",
              "lat": "42.106",
              "long": "-72.5977",
              "state": "MA",
              "zip": "1111"
            },
            {
              "city": "SPRINGFIELD",
              "county": "HAMPDEN",
              "lat": "42.106",
              "long": "-72.5977",
              "state": "MA",
              "zip": "1115"
            },
            {
              "city": "SPRINGFIELD",
              "county": "HAMPDEN",
              "lat": "42.092937",
              "long": "-72.527445",
              "state": "MA",
              "zip": "1118"
            },
            {
              "city": "SPRINGFIELD",
              "county": "HAMPDEN",
              "lat": "42.12473",
              "long": "-72.51211",
              "state": "MA",
              "zip": "1119"
            },
            {
              "city": "SPRINGFIELD",
              "county": "HAMPDEN",
              "lat": "42.094397",
              "long": "-72.488903",
              "state": "MA",
              "zip": "1128"
            },
            {
              "city": "SPRINGFIELD",
              "county": "HAMPDEN",
              "lat": "42.122263",
              "long": "-72.487622",
              "state": "MA",
              "zip": "1129"
            },
            {
              "city": "SPRINGFIELD",
              "county": "HAMPDEN",
              "lat": "42.106",
              "long": "-72.5977",
              "state": "MA",
              "zip": "1133"
            },
            {
              "city": "SPRINGFIELD",
              "county": "HAMPDEN",
              "lat": "42.106",
              "long": "-72.5977",
              "state": "MA",
              "zip": "1138"
            },
            {
              "city": "SPRINGFIELD",
              "county": "HAMPDEN",
              "lat": "42.106",
              "long": "-72.5977",
              "state": "MA",
              "zip": "1139"
            },
            {
              "city": "SPRINGFIELD",
              "county": "HAMPDEN",
              "lat": "42.106",
              "long": "-72.5977",
              "state": "MA",
              "zip": "1144"
            },
            {
              "city": "SPRINGFIELD",
              "county": "HAMPDEN",
              "lat": "42.153225",
              "long": "-72.505048",
              "state": "MA",
              "zip": "1151"
            }
          ],
          "fieldChoice": [
            {
              "city": "SPRINGFIELD",
              "county": "HAMPDEN",
              "lat": "42.106",
              "long": "-72.5977",
              "state": "MA",
              "zip": "1101"
            },
            {
              "city": "SPRINGFIELD",
              "county": "HAMPDEN",
              "lat": "42.106",
              "long": "-72.5977",
              "state": "MA",
              "zip": "1102"
            },
            {
              "city": "SPRINGFIELD",
              "county": "HAMPDEN",
              "lat": "42.1029",
              "long": "-72.588735",
              "state": "MA",
              "zip": "1103"
            },
            {
              "city": "SPRINGFIELD",
              "county": "HAMPDEN",
              "lat": "42.128848",
              "long": "-72.577769",
              "state": "MA",
              "zip": "1104"
            },
            {
              "city": "SPRINGFIELD",
              "county": "HAMPDEN",
              "lat": "42.099931",
              "long": "-72.578312",
              "state": "MA",
              "zip": "1105"
            },
            {
              "city": "SPRINGFIELD",
              "county": "HAMPDEN",
              "lat": "42.117907",
              "long": "-72.606544",
              "state": "MA",
              "zip": "1107"
            },
            {
              "city": "SPRINGFIELD",
              "county": "HAMPDEN",
              "lat": "42.085314",
              "long": "-72.558432",
              "state": "MA",
              "zip": "1108"
            },
            {
              "city": "SPRINGFIELD",
              "county": "HAMPDEN",
              "lat": "42.114455",
              "long": "-72.554349",
              "state": "MA",
              "zip": "1109"
            },
            {
              "city": "SPRINGFIELD",
              "county": "HAMPDEN",
              "lat": "42.106",
              "long": "-72.5977",
              "state": "MA",
              "zip": "1111"
            },
            {
              "city": "SPRINGFIELD",
              "county": "HAMPDEN",
              "lat": "42.106",
              "long": "-72.5977",
              "state": "MA",
              "zip": "1115"
            },
            {
              "city": "SPRINGFIELD",
              "county": "HAMPDEN",
              "lat": "42.092937",
              "long": "-72.527445",
              "state": "MA",
              "zip": "1118"
            },
            {
              "city": "SPRINGFIELD",
              "county": "HAMPDEN",
              "lat": "42.12473",
              "long": "-72.51211",
              "state": "MA",
              "zip": "1119"
            },
            {
              "city": "SPRINGFIELD",
              "county": "HAMPDEN",
              "lat": "42.094397",
              "long": "-72.488903",
              "state": "MA",
              "zip": "1128"
            },
            {
              "city": "SPRINGFIELD",
              "county": "HAMPDEN",
              "lat": "42.122263",
              "long": "-72.487622",
              "state": "MA",
              "zip": "1129"
            },
            {
              "city": "SPRINGFIELD",
              "county": "HAMPDEN",
              "lat": "42.106",
              "long": "-72.5977",
              "state": "MA",
              "zip": "1133"
            },
            {
              "city": "SPRINGFIELD",
              "county": "HAMPDEN",
              "lat": "42.106",
              "long": "-72.5977",
              "state": "MA",
              "zip": "1138"
            },
            {
              "city": "SPRINGFIELD",
              "county": "HAMPDEN",
              "lat": "42.106",
              "long": "-72.5977",
              "state": "MA",
              "zip": "1139"
            },
            {
              "city": "SPRINGFIELD",
              "county": "HAMPDEN",
              "lat": "42.106",
              "long": "-72.5977",
              "state": "MA",
              "zip": "1144"
            },
            {
              "city": "SPRINGFIELD",
              "county": "HAMPDEN",
              "lat": "42.153225",
              "long": "-72.505048",
              "state": "MA",
              "zip": "1151"
            }
          ],
          "choice": []
        },
        {
          "name": "markets-city",
          "format": "template",
          "token": "city",
          "type": "fieldChoice",
          "replacement": "",
          "sample": "markets.csv",
          "field": "zip",
          "precision": 0,
          "lower": 0,
          "upper": 0,
          "percChoice": [
            {
              "city": "SPRINGFIELD",
              "county": "HAMPDEN",
              "lat": "42.106",
              "long": "-72.5977",
              "state": "MA",
              "zip": "1101"
            },
            {
              "city": "SPRINGFIELD",
              "county": "HAMPDEN",
              "lat": "42.106",
              "long": "-72.5977",
              "state": "MA",
              "zip": "1102"
            },
            {
              "city": "SPRINGFIELD",
              "county": "HAMPDEN",
              "lat": "42.1029",
              "long": "-72.588735",
              "state": "MA",
              "zip": "1103"
            },
            {
              "city": "SPRINGFIELD",
              "county": "HAMPDEN",
              "lat": "42.128848",
              "long": "-72.577769",
              "state": "MA",
              "zip": "1104"
            },
            {
              "city": "SPRINGFIELD",
              "county": "HAMPDEN",
              "lat": "42.099931",
              "long": "-72.578312",
              "state": "MA",
              "zip": "1105"
            },
            {
              "city": "SPRINGFIELD",
              "county": "HAMPDEN",
              "lat": "42.117907",
              "long": "-72.606544",
              "state": "MA",
              "zip": "1107"
            },
            {
              "city": "SPRINGFIELD",
              "county": "HAMPDEN",
              "lat": "42.085314",
              "long": "-72.558432",
              "state": "MA",
              "zip": "1108"
            },
            {
              "city": "SPRINGFIELD",
              "county": "HAMPDEN",
              "lat": "42.114455",
              "long": "-72.554349",
              "state": "MA",
              "zip": "1109"
            },
            {
              "city": "SPRINGFIELD",
              "county": "HAMPDEN",
              "lat": "42.106",
              "long": "-72.5977",
              "state": "MA",
              "zip": "1111"
            },
            {
              "city": "SPRINGFIELD",
              "county": "HAMPDEN",
              "lat": "42.106",
              "long": "-72.5977",
              "state": "MA",
              "zip": "1115"
            },
            {
              "city": "SPRINGFIELD",
              "county": "HAMPDEN",
              "lat": "42.092937",
              "long": "-72.527445",
              "state": "MA",
              "zip": "1118"
            },
            {
              "city": "SPRINGFIELD",
              "county": "HAMPDEN",
              "lat": "42.12473",
              "long": "-72.51211",
              "state": "MA",
              "zip": "1119"
            },
            {
              "city": "SPRINGFIELD",
              "county": "HAMPDEN",
              "lat": "42.094397",
              "long": "-72.488903",
              "state": "MA",
              "zip": "1128"
            },
            {
              "city": "SPRINGFIELD",
              "county": "HAMPDEN",
              "lat": "42.122263",
              "long": "-72.487622",
              "state": "MA",
              "zip": "1129"
            },
            {
              "city": "SPRINGFIELD",
              "county": "HAMPDEN",
              "lat": "42.106",
              "long": "-72.5977",
              "state": "MA",
              "zip": "1133"
            },
            {
              "city": "SPRINGFIELD",
              "county": "HAMPDEN",
              "lat": "42.106",
              "long": "-72.5977",
              "state": "MA",
              "zip": "1138"
            },
            {
              "city": "SPRINGFIELD",
              "county": "HAMPDEN",
              "lat": "42.106",
              "long": "-72.5977",
              "state": "MA",
              "zip": "1139"
            },
            {
              "city": "SPRINGFIELD",
              "county": "HAMPDEN",
              "lat": "42.106",
              "long": "-72.5977",
              "state": "MA",
              "zip": "1144"
            },
            {
              "city": "SPRINGFIELD",
              "county": "HAMPDEN",
              "lat": "42.153225",
              "long": "-72.505048",
              "state": "MA",
              "zip": "1151"
            }
          ],
          "fieldChoice": [
            {
              "city": "SPRINGFIELD",
              "county": "HAMPDEN",
              "lat": "42.106",
              "long": "-72.5977",
              "state": "MA",
              "zip": "1101"
            },
            {
              "city": "SPRINGFIELD",
              "county": "HAMPDEN",
              "lat": "42.106",
              "long": "-72.5977",
              "state": "MA",
              "zip": "1102"
            },
            {
              "city": "SPRINGFIELD",
              "county": "HAMPDEN",
              "lat": "42.1029",
              "long": "-72.588735",
              "state": "MA",
              "zip": "1103"
            },
            {
              "city": "SPRINGFIELD",
              "county": "HAMPDEN",
              "lat": "42.128848",
              "long": "-72.577769",
              "state": "MA",
              "zip": "1104"
            },
            {
              "city": "SPRINGFIELD",
              "county": "HAMPDEN",
              "lat": "42.099931",
              "long": "-72.578312",
              "state": "MA",
              "zip": "1105"
            },
            {
              "city": "SPRINGFIELD",
              "county": "HAMPDEN",
              "lat": "42.117907",
              "long": "-72.606544",
              "state": "MA",
              "zip": "1107"
            },
            {
              "city": "SPRINGFIELD",
              "county": "HAMPDEN",
              "lat": "42.085314",
              "long": "-72.558432",
              "state": "MA",
              "zip": "1108"
            },
            {
              "city": "SPRINGFIELD",
              "county": "HAMPDEN",
              "lat": "42.114455",
              "long": "-72.554349",
              "state": "MA",
              "zip": "1109"
            },
            {
              "city": "SPRINGFIELD",
              "county": "HAMPDEN",
              "lat": "42.106",
              "long": "-72.5977",
              "state": "MA",
              "zip": "1111"
            },
            {
              "city": "SPRINGFIELD",
              "county": "HAMPDEN",
              "lat": "42.106",
              "long": "-72.5977",
              "state": "MA",
              "zip": "1115"
            },
            {
              "city": "SPRINGFIELD",
              "county": "HAMPDEN",
              "lat": "42.092937",
              "long": "-72.527445",
              "state": "MA",
              "zip": "1118"
            },
            {
              "city": "SPRINGFIELD",
              "county": "HAMPDEN",
              "lat": "42.12473",
              "long": "-72.51211",
              "state": "MA",
              "zip": "1119"
            },
            {
              "city": "SPRINGFIELD",
              "county": "HAMPDEN",
              "lat": "42.094397",
              "long": "-72.488903",
              "state": "MA",
              "zip": "1128"
            },
            {
              "city": "SPRINGFIELD",
              "county": "HAMPDEN",
              "lat": "42.122263",
              "long": "-72.487622",
              "state": "MA",
              "zip": "1129"
            },
            {
              "city": "SPRINGFIELD",
              "county": "HAMPDEN",
              "lat": "42.106",
              "long": "-72.5977",
              "state": "MA",
              "zip": "1133"
            },
            {
              "city": "SPRINGFIELD",
              "county": "HAMPDEN",
              "lat": "42.106",
              "long": "-72.5977",
              "state": "MA",
              "zip": "1138"
            },
            {
              "city": "SPRINGFIELD",
              "county": "HAMPDEN",
              "lat": "42.106",
              "long": "-72.5977",
              "state": "MA",
              "zip": "1139"
            },
            {
              "city": "SPRINGFIELD",
              "county": "HAMPDEN",
              "lat": "42.106",
              "long": "-72.5977",
              "state": "MA",
              "zip": "1144"
            },
            {
              "city": "SPRINGFIELD",
              "county": "HAMPDEN",
              "lat": "42.153225",
              "long": "-72.505048",
              "state": "MA",
              "zip": "1151"
            }
          ],
          "choice": []
        },
        {
          "name": "value",
          "format": "regex",
          "token": "value=(\\d+)",
          "type": "random",
          "replacement": "float",
          "sample": "",
          "field": "_raw",
          "precision": 3,
          "lower": 0,
          "upper": 10,
          "percChoice": null,
          "fieldChoice": null,
          "choice": null
        }
      ],
      "lines": [
        {
          "_raw": "2012-09-14 16:30:20,072 transType=ReplaceMe transID=000000 transGUID=0A0B0C userName=bob city=\"City\" state=State zip=00000 value=0"
        },
        {
          "_raw": "2012-09-15 16:30:20,072 transType=ReplaceMe transID=000000 transGUID=0A0B0C userName=bob city=\"City\" state=State zip=00000 value=0"
        }
      ],
      "field": "_raw"
    }
  ],
  "defaultTokens": [
    {
      "name": "guid-template",
      "format": "template",
      "token": "guid",
      "type": "random",
      "replacement": "guid",
      "sample": "",
      "field": "",
      "precision": 0,
      "lower": 0,
      "upper": 0,
      "percChoice": null,
      "fieldChoice": null,
      "choice": null
    },
    {
      "name": "integerid-template",
      "format": "template",
      "token": "integerid",
      "type": "integerid",
      "replacement": "100000",
      "sample": "",
      "field": "",
      "precision": 0,
      "lower": 0,
      "upper": 0,
      "percChoice": null,
      "fieldChoice": null,
      "choice": null
    },
    {
      "name": "ts-ymdhmsms-regex",
      "format": "regex",
      "token": "",
      "type": "timestamp",
      "replacement": "%Y-%m-%d %H:%M:%S,%3n",
      "sample": "",
      "field": "",
      "precision": 0,
      "lower": 0,
      "upper": 0,
      "percChoice": null,
      "fieldChoice": null,
      "choice": null
    },
    {
      "name": "usernames-template",
      "format": "template",
      "token": "username",
      "type": "choice",
      "replacement": "",
      "sample": "usernames",
      "field": "",
      "precision": 0,
      "lower": 0,
      "upper": 0,
      "percChoice": null,
      "fieldChoice": null,
      "choice": null
    }
  ],
  "defaultSample": {
    "name": "",
    "disabled": false,
    "generator": "sample",
    "outputter": "stdout",
    "outputTemplate": "raw",
    "rater": "config",
    "interval": 60,
    "delay": 0,
    "count": 0,
    "earliest": "now",
    "latest": "now",
    "begin": "",
    "end": "",
    "randomizeCount": 0.2,
    "randomizeEvents": true,
    "tokens": null,
    "lines": null,
    "field": "_raw"
  },
  "templates": [
    {
      "name": "json",
      "header": "",
      "row": "{{ json . | printf \"%s\" }}",
      "footer": ""
    },
    {
      "name": "raw",
      "header": "",
      "row": "{{ ._raw }}",
      "footer": ""
    }
  ]
}
2016-09-19T21:14:45.935-07:00 main [0m Starting Timers
2016-09-19T21:14:45.935-07:00 main [0m Starting Generators
[36;1m2016-09-19T21:14:45.935-07:00 main [36m[0m Starting Generator 0
[36;1m2016-09-19T21:14:45.935-07:00 main [36m[0m Starting Outputter 0
2016-09-19T21:14:46.937-07:00 Start [0m Setting sample 'test1' to generator 'sample'
[36;1m2016-09-19T21:14:46.937-07:00 Gen [36m[0m Gen Queue Item &config.GenQueueItem{S:(*config.Sample)(0xc4200eb200), Count:5, Earliest:time.Time{sec:63609941683, nsec:937168720, loc:(*time.Location)(0x2bc500)}, Latest:time.Time{sec:63609941686, nsec:937168861, loc:(*time.Location)(0x2bc500)}, OQ:(chan *config.OutQueueItem)(0xc420175c80)}
[36;1m2016-09-19T21:14:46.937-07:00 Gen [36m[0m Generating sample 'test1' with count 5, et: '2016-09-19 21:14:43.93716872 -0700 PDT', lt: '2016-09-19 21:14:46.937168861 -0700 PDT'
[36;1m2016-09-19T21:14:46.937-07:00 Gen [36m[0m Random filling events for sample 'test1' with 5 events
[36;1m2016-09-19T21:14:46.937-07:00 Gen [36m[0m Events: []map[string]string{map[string]string{"_raw":"2012-09-15 16:30:20,072 transType=ReplaceMe transID=000000 transGUID=0A0B0C userName=bob city=\"City\" state=State zip=00000 value=0"}, map[string]string{"_raw":"2012-09-15 16:30:20,072 transType=ReplaceMe transID=000000 transGUID=0A0B0C userName=bob city=\"City\" state=State zip=00000 value=0"}, map[string]string{"_raw":"2012-09-15 16:30:20,072 transType=ReplaceMe transID=000000 transGUID=0A0B0C userName=bob city=\"City\" state=State zip=00000 value=0"}, map[string]string{"_raw":"2012-09-15 16:30:20,072 transType=ReplaceMe transID=000000 transGUID=0A0B0C userName=bob city=\"City\" state=State zip=00000 value=0"}, map[string]string{"_raw":"2012-09-15 16:30:20,072 transType=ReplaceMe transID=000000 transGUID=0A0B0C userName=bob city=\"City\" state=State zip=00000 value=0"}}
2016-09-19T21:14:46.937-07:00 Start [0m Setting sample 'test1' to outputter 'stdout'
[36;1m2016-09-19T21:14:46.937-07:00 Send [36m[0m Out Queue Item &config.OutQueueItem{S:(*config.Sample)(0xc4200eb200), Events:[]map[string]string{map[string]string{"_raw":"&config.GenQueueItem{S:(*config.Sample)(0xc4200eb200), Count:5, Earliest:time.Time{sec:63609941683, nsec:937168720, loc:(*time.Location)(0x2bc500)}, Latest:time.Time{sec:63609941686, nsec:937168861, loc:(*time.Location)(0x2bc500)}, OQ:(chan *config.OutQueueItem)(0xc420175c80)}"}}}
&config.GenQueueItem{S:(*config.Sample)(0xc4200eb200), Count:5, Earliest:time.Time{sec:63609941683, nsec:937168720, loc:(*time.Location)(0x2bc500)}, Latest:time.Time{sec:63609941686, nsec:937168861, loc:(*time.Location)(0x2bc500)}, OQ:(chan *config.OutQueueItem)(0xc420175c80)}
signal: interrupt
